03:38:53 INFO [db_store] whale_trades=962843  snapshots=115  copy_trades=0  (792.2MB)

═════════════════════════════════════════════════════════════════
  AGENT 1 - WHALE HUNTER   (standalone)
  Report every 24h  ·  Scan every 20s
  2026-03-25 02:38 UTC
═════════════════════════════════════════════════════════════════

03:38:53 INFO [criterion.md → filter_rules.py]  {'win_rate_threshold': 55.0, 'min_closed': 5, 'account_age_days': 90, 'max_trades_per_month': 150, 'min_markets': 5, 'specialist_avg_size_usd': 20000, 'specialist_total_trades': 50, 'specialist_market_diversity': 3, 'specialist_total_volume_usd': 200000, 'specialist_win_rate': 55, 'specialist_kelly': 0.15, 'specialist_account_age_days': 120, 'bot_hf_trades_per_month': 500, 'bot_round_size_ratio': 0.8, 'bot_interval_cv': 0.1, 'bot_micro_avg_size': 5, 'bot_micro_min_trades': 200, 'max_high_price_entry_ratio': 0.6, 'weight_kelly': 0.2, 'weight_win_rate': 0.15, 'volume_weight': 0.15, 'weight_avg_size': 0.1, 'weight_account_age': 0.1, 'weight_market_div': 0.05, 'weight_consistency': 0.1, 'weight_total_pnl': 0.15}  | .env detect≥$10,000
03:38:53 INFO [BOOTSTRAP] DB already has 61 wallets - skip

──────────────────────────────────────────────────────────────────────────────────────────
  TRACKED WALLETS DB  ·  115 wallets
──────────────────────────────────────────────────────────────────────────────────────────
  ADDRESS                                    SCORE     WR  KELLY    AVG_SZ   AGE NOTE
  ────────────────────────────────────────── ───── ────── ────── ───────── ─────
  0x31a53df5265bc4717ab01c7a7d4b97677d339d41   0.83  90.5%  0.891⭐ $   4,077  552d  
  0x31a53df5265bc4717ab01c7a7d4b97677d339d41   0.83  90.5%  0.891⭐ $   4,077  552d  
  0xa8caf30a6a9c6e670f5602827f4e435d1d4cd535   0.80  86.7%  0.647⭐ $   4,902  505d  
  0xa8caf30a6a9c6e670f5602827f4e435d1d4cd535   0.80  86.7%  0.647⭐ $   4,902  505d  
  0xbe907f61234b2044c2947cbb7abcdb3c2011f61c   0.78 100.0%  1.000⭐ $   1,460  509d  
  0xbe907f61234b2044c2947cbb7abcdb3c2011f61c   0.78 100.0%  1.000⭐ $   1,460  509d  
  0x6f3ebff1b1e46515c20782cc9b65581a7894ee32   0.76 100.0%  1.000⭐ $     621  473d  
  0x6f3ebff1b1e46515c20782cc9b65581a7894ee32   0.76 100.0%  1.000⭐ $     621  473d  
  0x4e1255034cb8827631bbcd0756c657962fdd7a56   0.76 100.0%  1.000⭐ $   1,217  481d  
  0x4e1255034cb8827631bbcd0756c657962fdd7a56   0.76 100.0%  1.000⭐ $   1,217  481d  
  0x56813812fc837eedb614d8c231787f83a865e113   0.76  88.9%  0.828⭐ $   2,018  152d  
  0x56813812fc837eedb614d8c231787f83a865e113   0.76  88.9%  0.828⭐ $   2,018  152d  
  0x9055d013ef95f32c17249b434381d08ee7ed8dad   0.76 100.0%  1.000⭐ $     634  471d  
  0x9055d013ef95f32c17249b434381d08ee7ed8dad   0.76 100.0%  1.000⭐ $     634  471d  
  0xdbe99f1ecf8a60a67638951fdaf024e5ef260382   0.75  94.4%  0.883⭐ $   6,178  495d  
  0xdbe99f1ecf8a60a67638951fdaf024e5ef260382   0.75  94.4%  0.883⭐ $   6,178  495d  
  0x796590ec48bca1d8fd773bf52a66bf82e21409d9   0.73 100.0%  1.000⭐ $   2,174  153d  
  0x796590ec48bca1d8fd773bf52a66bf82e21409d9   0.73 100.0%  1.000⭐ $   2,174  153d  
  0xe40362b6d2c1eb1134da886f4c64f02f08f6e5a4   0.73  82.5%  0.593⭐ $   4,337  224d  
  0xe40362b6d2c1eb1134da886f4c64f02f08f6e5a4   0.73  82.5%  0.593⭐ $   4,337  224d  
  0x0979bad57d7a1403db89cbcd9c52bf43f2138d9b   0.72  76.5%  0.459⭐ $  12,862  449d  
  0x0979bad57d7a1403db89cbcd9c52bf43f2138d9b   0.72  76.5%  0.459⭐ $  12,862  449d  
  0x0e9b9cb7ee710b57fbcbefdcb518a3a986a16e75   0.72  85.0%  0.727⭐ $   1,143  492d  
  0x0e9b9cb7ee710b57fbcbefdcb518a3a986a16e75   0.72  85.0%  0.727⭐ $   1,143  492d  
  0x2095416f8bfe2c12c72216efd932d15aaf84b87c   0.72  92.3%  0.760⭐ $   8,477  646d  
  ... and 90 more wallets
──────────────────────────────────────────────────────────────────────────────────────────

03:38:53 INFO [S1] Trade scanner starting (min_size=$10,000, poll=10s)
03:38:53 INFO [S4] Tracker started (poll 20s)
03:38:53 INFO [S1] $57,211  0x8ccccb677efd2eb45fb471ec847b49fce50af2da  Cavaliers  mkt:0x2f10f76dd83741d6f1b5
03:38:53 INFO [S1] $15,797  0xc42856bf8d432d8f2ea084d13a270781c82c7093  No  mkt:0xfcc93de88db8519da63a
03:38:53 INFO [S1] $15,649  0x449e1b146f8c5ccd6d8072ecd42b4feaea83d73b  No  mkt:0xfcc93de88db8519da63a
03:38:53 INFO [S1] $16,365  0xa5506f6793543f308fd9c379e99ea60af41b74bf  No  mkt:0xfcc93de88db8519da63a
03:38:53 INFO [S1] $14,659  0xdc5f53b564eab7b90d033fb68de229922a454def  No  mkt:0x33a87d02fa01e9589293
03:38:53 INFO [S1] $19,344  0xa8e089ade142c95538e06196e09c85681112ad50  Pelicans  mkt:0x7bdd5220eb80e8a70a9f
03:38:53 INFO [S1] $26,219  0xc8075693f48668a264b9fa313b47f52712fcc12b  Suns  mkt:0x835bb8b76d1376f10022
03:38:53 INFO [S1] $10,775  0x28df07a6a599928aa7937fc52d6894b9eb7c16de  No  mkt:0xfcc93de88db8519da63a
03:38:53 INFO [S1] $19,121  0x4453886425fdbcc900525755515244a66659dd3b  Knicks  mkt:0x1682a7b027b4dfffc14a
03:38:53 INFO [S1] $82,600  0x2a2c53bd278c04da9962fcf96490e17f3dfb9bc1  Suns  mkt:0xfa1d6e6d69a5ab6ae6ff
03:38:53 INFO [S1] $34,721  0xbddf61af533ff524d27154e589d2d7a81510c684  Suns  mkt:0xbd4c47f29092f81f7772
03:38:53 INFO [S1] $14,774  0x89d0fd3fff2559bc507849923a826bc465965a1e  No  mkt:0xf88da08f18b2026d986d
03:38:53 INFO [S1] $10,192  0xa86351ec28356c4a5f7e7914c4bc725066ff0bf4  Down  mkt:0xb5a9260a6e5251db7f2f
03:38:53 INFO [S1] $14,658  0x052f4191cd324a348835a846d34df5b0061e53fb  Yes  mkt:0xe40a9e37af9d4ac9842d
03:38:53 INFO [S1] $14,973  0x2d0f081a51b8acffc213ebad8f5c0beb1d6fbe15  No  mkt:0xfbf7ab9e6b6d324ffe43
03:38:53 INFO [S1] $83,384  0x511653479dbf3a4557d8a2359595d429b90dc5b8  No  mkt:0x4d5ea69b6c75c608a269
03:38:53 INFO [S1] $10,043  0x49007e1e636d0e922d0122a02ea743e41d194a72  Cavaliers  mkt:0x2f10f76dd83741d6f1b5
03:38:53 INFO [S1] $19,476  0x6ac5bb06a9eb05641fd5e82640268b92f3ab4b6e  Nuggets  mkt:0x835bb8b76d1376f10022
03:38:53 INFO [S1] $48,092  0x95074f700f93bdf6e62fc965e0832064c0877b04  No  mkt:0x4d5ea69b6c75c608a269
03:38:53 INFO [S1] $56,214  0xa37e31dc2081d82613428a6abb4e48658d6e124b  Illinois Fighting Illini  mkt:0x742cccb8094536132d2a
03:38:53 INFO [S1] $56,494  0x04fe6d659b91fdfa9fcbef2c048fc2435c063688  Knicks  mkt:0x1682a7b027b4dfffc14a
03:38:53 INFO [S1] $10,099  0x93511d72d294f1478739bc38f578bf0306fd9e4d  No  mkt:0xf6e44da63acf52f67bd2
03:38:53 INFO [S1] $14,742  0xeb9564b42ac8cd6be93193707494b6e3005d1758  No  mkt:0xa3186ffc28c45f336920
03:38:53 INFO [S1] $15,604  0xbce2ae81dded77a0fdf69c4ea2b4869d6b5d0ab4  Yes  mkt:0x81e2665bdb43401d551f
03:38:53 INFO [S1] $24,650  0x5d5ca491d5d6827988b278bfe4c719a2959f4302  Tulsa Golden Hurricane  mkt:0x5c47e7b1253fc02b8eb9
03:38:53 INFO [S1] $116,375  0x8a6c6811e8937f9e8afc1b9249fa540262c30b3f  Nuggets  mkt:0xbd4c47f29092f81f7772
03:38:53 INFO [S1] $12,319  0xd4081f280de71b3e82b15bdc724588556f52e85c  Knicks  mkt:0x1682a7b027b4dfffc14a
03:38:53 INFO [S1] $29,970  0x24c8cf69a0e0a17eee21f69d29752bfa32e823e1  Yes  mkt:0x24fb7c2d95c93a68018e
03:38:53 INFO [S1] $34,166  0x23c8a4c266d10ba5846837eac391fea89ed6f293  Over  mkt:0x60f59b2a91d272b4d30a
03:38:53 INFO [S1] $94,946  0xfbf3d501e88815464642d0e913f15379c3eeb218  Over  mkt:0x60f59b2a91d272b4d30a
03:38:53 INFO [S1] $20,260  0xcc8f0e3bd33b98eb19a0c122397b6ce69cffa7bb  Knicks  mkt:0x1682a7b027b4dfffc14a
03:38:53 INFO [S1] $13,942  0x1eaf5d5f822dc5211c25b5839e5b7aa70f319bf0  Cavaliers  mkt:0x2f10f76dd83741d6f1b5
03:38:53 INFO [S1] $10,440  0xa4f5650a655502b2e2bc66636d347a2fd8281079  Knicks  mkt:0x1682a7b027b4dfffc14a
03:38:53 INFO [S1] $15,443  0x0324e068e71530bc75d0c3a17533b2995b0fac85  No  mkt:0xa3186ffc28c45f336920
03:38:53 INFO [S1] $11,996  0xfb7b3dedb491bbbaed5af53be5c1498a6314ed88  Francisco Cerundolo  mkt:0x253c68f5ea0f05b325e6
03:38:53 INFO [S1] $14,741  0xd5aff8ad5f04e6b2307882c085ee3bbd0ba05d38  Avalanche  mkt:0x2fb95762d3d30796b475
03:38:53 INFO [S1] $48,991  0xab828a2bcb4a5a93a94cdeedf3cb70b6211babe5  Coco Gauff  mkt:0x04bfbea25aeefbf06150
03:38:53 INFO [S1] $16,794  0x12ec6d71325afac2b4d25b3de94185e2c48d41ae  Canadiens  mkt:0xb76c2f1129b705f1a880
03:38:53 INFO [S1] $21,505  0x204e14f11a08a465479e437b0e37b7e9e0358d08  Canadiens  mkt:0xb76c2f1129b705f1a880
03:38:53 INFO [S1] $59,940  0xa5ea13a81d2b7e8e424b182bdc1db08e756bd96a  Blackhawks  mkt:0x8d940577f973f2bc3290
03:38:53 INFO [S1] $100,000  0x69b79ea8138ecba370234158d60249ce1ce47d97  Yes  mkt:0x24fb7c2d95c93a68018e
03:38:53 INFO [S1] $59,345  0x03e8a544e97eeff5753bc1e90d46e5ef22af1697  Over  mkt:0x8d0e1351014b53dbd239
03:38:53 INFO [S1] $11,452  0x54e2b86bc5ce72f6c39797f5e2aa734cbe0034fb  No  mkt:0x61ce3773237a948584e4
03:38:53 INFO [S1] $24,274  0xa416a5c03381c90b94e4c1881b0494281e3e025e  No  mkt:0x747dc809fb79e1b05be0
03:38:53 INFO [S1] $13,169  0xb275b35b8d1a064fd3aa57db2ab8dd37b7cdc76f  Nuggets  mkt:0xfa1d6e6d69a5ab6ae6ff
03:38:53 INFO [S1] $11,825  0xe950248bb0cbb699aebddfcf39ef492a4c751e0a  Predators  mkt:0x5e1f9aca1a32a7cfd1f5
03:38:53 INFO [S1] $10,389  0x82ff82838d26347b7188c8e3ddc9fb6f8306f0c4  No  mkt:0x36912c9832f0fd104d73
03:38:53 INFO [S1] $24,800  0xead152b855effa6b5b5837f53b24c0756830c76a  Ducks  mkt:0xf1e520ff07536c6a102d
03:38:53 INFO [S1] $11,374  0x94f8221473e0b15f14b014209cfc7dc9367b4c04  Yes  mkt:0xb0afa6091fc2af38d737
03:38:53 INFO [S1] $12,559  0x8de52590ce495b1184213a0f67a35a83e622e8bb  Hornets  mkt:0xbca41588760d6a1062ce
03:38:53 INFO [S1] $23,012  0x4d4163d8245f47855c0089fc288b1d094b0497cc  No  mkt:0x90e87f8baf50fcc4fca6
03:38:53 INFO [S1] $12,536  0x0eb75bf6f54794a83bd26095811f30b530161f17  Panthers  mkt:0x5c65b56cb4d63d16e788
03:38:53 INFO [S1] $48,119  0x71587aff3d063868a086574dcf9a86ab153a5439  No  mkt:0x3c6bcb7da14ea576e5af
03:38:53 INFO [S1] $10,365  0x53e55bc7cb3d67ad177c023ce891ad076a9d6177  Yes  mkt:0x3c6bcb7da14ea576e5af
03:38:53 INFO [S1] $10,440  0x68cabafd9ce49a6cd008dbe34c63868404939f73  Trail Blazers  mkt:0x1907e7bd495e0a1eca90
03:38:53 INFO [S1] $42,967  0x05f6027ceb5b8db472bb716d3ed574c199118cec  Hornets  mkt:0x20cbe1f947287b4be6fe
03:38:53 INFO [S1] $32,967  0x1602856ef17c9b838b2f2b941b9c628cd5eecbf7  Yes  mkt:0x24fb7c2d95c93a68018e
03:38:53 INFO [S1] $29,970  0x631c2b93ff03c21d29b2b73af4ff965e88ea450f  Yes  mkt:0x24fb7c2d95c93a68018e
03:38:53 INFO [S1] $14,245  0x8bb6dfe57ac7d27c0735213cdc92634486f1cb97  Canadiens  mkt:0xb76c2f1129b705f1a880
03:38:53 INFO [S1] $20,280  0x479e330b07822ee28e20bac5e504f1b7c6b591c3  Jannik Sinner  mkt:0xd5d0639b8760de393cff
03:38:53 INFO [S1] $18,656  0x22e9aa8c404fe5ec623ebd4a2256481c55c78dd0  Hornets  mkt:0x20cbe1f947287b4be6fe
03:38:53 INFO [S1] $10,987  0xdfb8190618c22778a2884079c9e10446cc6b23ea  No  mkt:0x747dc809fb79e1b05be0
03:38:53 INFO [S1] $15,799  0x54096e86cac2d70d04fd98ee16f633c7e9d479db  Yes  mkt:0x6bcbdef1613dafdbabf3
03:38:53 INFO [S1] $299,700  0x82a7183f93447d7a8ff5b4bd08eb0d74de266ed8  Yes  mkt:0x24fb7c2d95c93a68018e
03:38:53 INFO [S1] $21,588  0x79929dfb11820a017fb7a51faf536a55bdbd48bf  No  mkt:0x1d54eb5eac2cee8f595f
03:38:53 INFO [S1] $14,964  0xc660ae71765d0d9eaf5fa8328c1c959841d2bd28  Flames  mkt:0x74e77fc999045940760b
03:38:53 INFO [S1] $20,247  0xe734d5a008576905ec700019e530a7cc8da88f6a  No  mkt:0xd65891729ce093cc1223
03:38:53 INFO [S1] $18,425  0x06c0d07d5b59b25316bf1e6007aca6ad8f20bc23  Hornets  mkt:0x20cbe1f947287b4be6fe
03:38:53 INFO [S1] $46,663  0x1354e9d95f76b02d8e6e606bc52e35f88f7cad04  No  mkt:0x306d10d4a4d51b41910d
03:38:53 INFO [S1] $20,367  0xb3cfe7615d64db8dfa743a1b1a2b976911460ebd  Hornets  mkt:0x20cbe1f947287b4be6fe
03:38:53 INFO   [S2] 0x8ccccb677efd2eb45fb471ec847b49fce50af2da
03:38:53 INFO   [S2] 0xc42856bf8d432d8f2ea084d13a270781c82c7093
03:38:53 INFO   [S2] 0x449e1b146f8c5ccd6d8072ecd42b4feaea83d73b
03:38:53 INFO   [S2] 0xa5506f6793543f308fd9c379e99ea60af41b74bf
03:38:53 INFO   [S2] 0xdc5f53b564eab7b90d033fb68de229922a454def
03:38:53 INFO   [S2] 0xa8e089ade142c95538e06196e09c85681112ad50
03:38:53 INFO   [S3] DISCARD 0xc42856bf8d432d8f2ea084d13a270781c82c7093 → BOT:interval
03:38:53 INFO   [S2] 0xc8075693f48668a264b9fa313b47f52712fcc12b
03:38:53 INFO   [S3] DISCARD 0x449e1b146f8c5ccd6d8072ecd42b4feaea83d73b → BOT:interval
03:38:53 INFO   [S2] 0x28df07a6a599928aa7937fc52d6894b9eb7c16de
03:38:53 INFO   [S3] DISCARD 0xdc5f53b564eab7b90d033fb68de229922a454def → BOT:interval
03:38:53 INFO   [S2] 0x4453886425fdbcc900525755515244a66659dd3b
03:38:54 INFO   [S3] DISCARD 0xc8075693f48668a264b9fa313b47f52712fcc12b → BOT:interval
03:38:54 INFO   [S2] 0x2a2c53bd278c04da9962fcf96490e17f3dfb9bc1
03:38:54 INFO   [S3] DISCARD 0xa5506f6793543f308fd9c379e99ea60af41b74bf → BOT:interval
03:38:54 INFO   [S2] 0xbddf61af533ff524d27154e589d2d7a81510c684
03:38:54 INFO   [S3] DISCARD 0x28df07a6a599928aa7937fc52d6894b9eb7c16de → BOT:interval
03:38:54 INFO   [S2] 0x89d0fd3fff2559bc507849923a826bc465965a1e
03:38:54 INFO   [S3] DISCARD 0x89d0fd3fff2559bc507849923a826bc465965a1e → BOT:interval
03:38:54 INFO   [S2] 0xa86351ec28356c4a5f7e7914c4bc725066ff0bf4
03:38:54 INFO   [S3] DISCARD 0x4453886425fdbcc900525755515244a66659dd3b → BOT:interval
03:38:54 INFO   [S2] 0x052f4191cd324a348835a846d34df5b0061e53fb
03:38:55 INFO   [S3] DISCARD 0xa8e089ade142c95538e06196e09c85681112ad50 → BOT
03:38:55 INFO   [S2] 0x2d0f081a51b8acffc213ebad8f5c0beb1d6fbe15
03:38:55 INFO   [S3] DISCARD 0x2d0f081a51b8acffc213ebad8f5c0beb1d6fbe15 → BOT:interval
03:38:55 INFO   [S2] 0x511653479dbf3a4557d8a2359595d429b90dc5b8
03:38:55 INFO   [S3] DISCARD 0x052f4191cd324a348835a846d34df5b0061e53fb → BOT
03:38:55 INFO   [S2] 0x49007e1e636d0e922d0122a02ea743e41d194a72
03:38:55 INFO   [S3] DISCARD 0x511653479dbf3a4557d8a2359595d429b90dc5b8 → BOT
03:38:55 INFO   [S2] 0x6ac5bb06a9eb05641fd5e82640268b92f3ab4b6e
03:38:56 INFO   [S3] DISCARD 0xbddf61af533ff524d27154e589d2d7a81510c684 → BOT
03:38:56 INFO   [S2] 0x95074f700f93bdf6e62fc965e0832064c0877b04
03:38:56 INFO   [S3] DISCARD 0xa86351ec28356c4a5f7e7914c4bc725066ff0bf4 → BOT
03:38:56 INFO   [S2] 0xa37e31dc2081d82613428a6abb4e48658d6e124b
03:38:56 INFO   [S3] DISCARD 0xa37e31dc2081d82613428a6abb4e48658d6e124b → BOT:interval
03:38:56 INFO   [S2] 0x04fe6d659b91fdfa9fcbef2c048fc2435c063688
03:38:56 INFO   [S3] DISCARD 0x04fe6d659b91fdfa9fcbef2c048fc2435c063688 → BOT
03:38:56 INFO   [S2] 0x93511d72d294f1478739bc38f578bf0306fd9e4d
03:38:56 INFO   [S3] DISCARD 0x93511d72d294f1478739bc38f578bf0306fd9e4d → BOT:interval
03:38:56 INFO   [S2] 0xeb9564b42ac8cd6be93193707494b6e3005d1758
03:38:57 INFO   [S3] DISCARD 0xeb9564b42ac8cd6be93193707494b6e3005d1758 → BOT:interval
03:38:57 INFO   [S2] 0xbce2ae81dded77a0fdf69c4ea2b4869d6b5d0ab4
03:38:57 INFO   [S3] DISCARD 0x8ccccb677efd2eb45fb471ec847b49fce50af2da → BOT
03:38:57 INFO   [S2] 0x5d5ca491d5d6827988b278bfe4c719a2959f4302
03:38:58 INFO   [S3] DISCARD 0x2a2c53bd278c04da9962fcf96490e17f3dfb9bc1 → BOT
03:38:58 INFO   [S2] 0x8a6c6811e8937f9e8afc1b9249fa540262c30b3f
03:38:58 INFO [REPORT] Written: whale_report_2026-03-25_02.md  (115 wallets)
03:38:58 INFO [wallet.md] Updated - 115 wallets
03:38:58 INFO 
── AGENT 1 STATS  (uptime 0h00m) ─────────────
  [S1] Trades detected     : 100
  [S1] Candidates queued  : 70
  [S2] Analyzed           : 20
  [S3] Promoted to DB     : 0
  [S3] Discarded          : 20
  [S4] Copy tasks emitted : 0
       DB size            : 61
  [SQLite] whale_trades=965054  snapshots=115  copy_trades=0  (793.6MB)
──────────────────────────────────────────────────
03:38:58 INFO [REPORT] Next report in 24.0h
03:38:58 INFO   [S3] DISCARD 0x49007e1e636d0e922d0122a02ea743e41d194a72 → BOT
03:38:58 INFO   [S2] 0xd4081f280de71b3e82b15bdc724588556f52e85c
03:38:59 INFO   [S3] DISCARD 0x8a6c6811e8937f9e8afc1b9249fa540262c30b3f → BOT
03:38:59 INFO   [S2] 0x24c8cf69a0e0a17eee21f69d29752bfa32e823e1
03:38:59 INFO   [S3] DISCARD 0xbce2ae81dded77a0fdf69c4ea2b4869d6b5d0ab4 → BOT
03:38:59 INFO   [S2] 0x23c8a4c266d10ba5846837eac391fea89ed6f293
03:39:00 INFO   [S3] DISCARD 0x6ac5bb06a9eb05641fd5e82640268b92f3ab4b6e → BOT
03:39:00 INFO   [S2] 0xfbf3d501e88815464642d0e913f15379c3eeb218
03:39:00 INFO   [S3] DISCARD 0xd4081f280de71b3e82b15bdc724588556f52e85c → BOT
03:39:00 INFO   [S2] 0xcc8f0e3bd33b98eb19a0c122397b6ce69cffa7bb
03:39:01 INFO   [S3] DISCARD 0x95074f700f93bdf6e62fc965e0832064c0877b04 → BOT
03:39:01 INFO   [S2] 0x1eaf5d5f822dc5211c25b5839e5b7aa70f319bf0
03:39:01 INFO   [S3] DISCARD 0x5d5ca491d5d6827988b278bfe4c719a2959f4302 → BOT
03:39:01 INFO   [S2] 0xa4f5650a655502b2e2bc66636d347a2fd8281079
03:39:02 INFO   [S3] DISCARD 0x1eaf5d5f822dc5211c25b5839e5b7aa70f319bf0 → BOT
03:39:02 INFO   [S2] 0x0324e068e71530bc75d0c3a17533b2995b0fac85
03:39:02 INFO   [S3] DISCARD 0x0324e068e71530bc75d0c3a17533b2995b0fac85 → BOT:interval
03:39:02 INFO   [S2] 0xfb7b3dedb491bbbaed5af53be5c1498a6314ed88
03:39:03 INFO   [S3] DISCARD 0x24c8cf69a0e0a17eee21f69d29752bfa32e823e1 → BOT
03:39:03 INFO   [S2] 0xd5aff8ad5f04e6b2307882c085ee3bbd0ba05d38
03:39:03 INFO   [S3] DISCARD 0xfb7b3dedb491bbbaed5af53be5c1498a6314ed88 → BOT
03:39:03 INFO   [S2] 0xab828a2bcb4a5a93a94cdeedf3cb70b6211babe5
03:39:03 INFO   [S3] DISCARD 0xab828a2bcb4a5a93a94cdeedf3cb70b6211babe5 → BOT
03:39:03 INFO   [S2] 0x12ec6d71325afac2b4d25b3de94185e2c48d41ae
03:39:04 INFO   [S3] DISCARD 0xa4f5650a655502b2e2bc66636d347a2fd8281079 → BOT
03:39:04 INFO   [S2] 0x204e14f11a08a465479e437b0e37b7e9e0358d08
03:39:04 INFO   [S3] DISCARD 0x23c8a4c266d10ba5846837eac391fea89ed6f293 → BOT
03:39:04 INFO   [S2] 0xa5ea13a81d2b7e8e424b182bdc1db08e756bd96a
03:39:04 INFO   [S3] DISCARD 0xcc8f0e3bd33b98eb19a0c122397b6ce69cffa7bb → BOT
03:39:04 INFO   [S2] 0x69b79ea8138ecba370234158d60249ce1ce47d97
03:39:05 INFO   [S3] DISCARD 0x69b79ea8138ecba370234158d60249ce1ce47d97 → BOT:interval
03:39:05 INFO   [S2] 0x03e8a544e97eeff5753bc1e90d46e5ef22af1697
03:39:05 INFO   [S3] DISCARD 0xfbf3d501e88815464642d0e913f15379c3eeb218 → BOT
03:39:05 INFO   [S2] 0x54e2b86bc5ce72f6c39797f5e2aa734cbe0034fb
03:39:06 INFO   [S3] DISCARD 0x12ec6d71325afac2b4d25b3de94185e2c48d41ae → BOT
03:39:06 INFO   [S2] 0xa416a5c03381c90b94e4c1881b0494281e3e025e
03:39:06 INFO   [S3] DISCARD 0xa416a5c03381c90b94e4c1881b0494281e3e025e → BOT
03:39:06 INFO   [S2] 0xb275b35b8d1a064fd3aa57db2ab8dd37b7cdc76f
03:39:07 INFO   [S3] DISCARD 0xa5ea13a81d2b7e8e424b182bdc1db08e756bd96a → BOT
03:39:07 INFO   [S2] 0xe950248bb0cbb699aebddfcf39ef492a4c751e0a
03:39:07 INFO   [S3] DISCARD 0xd5aff8ad5f04e6b2307882c085ee3bbd0ba05d38 → BOT
03:39:07 INFO   [S2] 0x82ff82838d26347b7188c8e3ddc9fb6f8306f0c4
03:39:07 INFO   [S3] DISCARD 0x03e8a544e97eeff5753bc1e90d46e5ef22af1697 → BOT
03:39:07 INFO   [S2] 0xead152b855effa6b5b5837f53b24c0756830c76a
03:39:07 INFO   [S3] DISCARD 0x82ff82838d26347b7188c8e3ddc9fb6f8306f0c4 → BOT:interval
03:39:07 INFO   [S2] 0x94f8221473e0b15f14b014209cfc7dc9367b4c04
03:39:08 INFO   [S3] DISCARD 0x94f8221473e0b15f14b014209cfc7dc9367b4c04 → BOT:interval
03:39:08 INFO   [S2] 0x8de52590ce495b1184213a0f67a35a83e622e8bb
03:39:08 INFO   [S3] DISCARD 0x204e14f11a08a465479e437b0e37b7e9e0358d08 → BOT
03:39:08 INFO   [S2] 0x4d4163d8245f47855c0089fc288b1d094b0497cc
03:39:08 INFO   [S3] DISCARD 0xe950248bb0cbb699aebddfcf39ef492a4c751e0a → BOT
03:39:08 INFO   [S2] 0x0eb75bf6f54794a83bd26095811f30b530161f17
03:39:09 INFO   [S3] DISCARD 0x54e2b86bc5ce72f6c39797f5e2aa734cbe0034fb → BOT
03:39:09 INFO   [S2] 0x71587aff3d063868a086574dcf9a86ab153a5439
03:39:09 INFO   [S3] DISCARD 0xb275b35b8d1a064fd3aa57db2ab8dd37b7cdc76f → BOT
03:39:09 INFO   [S2] 0x53e55bc7cb3d67ad177c023ce891ad076a9d6177
03:39:09 INFO   [S3] DISCARD 0x71587aff3d063868a086574dcf9a86ab153a5439 → BOT:interval
03:39:09 INFO   [S2] 0x68cabafd9ce49a6cd008dbe34c63868404939f73
03:39:10 INFO   [S3] DISCARD 0x0eb75bf6f54794a83bd26095811f30b530161f17 → BOT
03:39:10 INFO   [S2] 0x05f6027ceb5b8db472bb716d3ed574c199118cec
03:39:10 INFO   [S3] DISCARD 0x05f6027ceb5b8db472bb716d3ed574c199118cec → BOT:interval
03:39:10 INFO   [S2] 0x1602856ef17c9b838b2f2b941b9c628cd5eecbf7
03:39:12 INFO   [S3] DISCARD 0x8de52590ce495b1184213a0f67a35a83e622e8bb → BOT
03:39:12 INFO   [S2] 0x631c2b93ff03c21d29b2b73af4ff965e88ea450f
03:39:12 INFO   [S3] DISCARD 0x68cabafd9ce49a6cd008dbe34c63868404939f73 → BOT
03:39:12 INFO   [S2] 0x8bb6dfe57ac7d27c0735213cdc92634486f1cb97
03:39:12 INFO   [S3] DISCARD 0xead152b855effa6b5b5837f53b24c0756830c76a → BOT
03:39:12 INFO   [S2] 0x479e330b07822ee28e20bac5e504f1b7c6b591c3
03:39:12 INFO   [S3] DISCARD 0x8bb6dfe57ac7d27c0735213cdc92634486f1cb97 → BOT:interval
03:39:12 INFO   [S2] 0x22e9aa8c404fe5ec623ebd4a2256481c55c78dd0
03:39:12 INFO   [S3] DISCARD 0x22e9aa8c404fe5ec623ebd4a2256481c55c78dd0 → BOT:interval
03:39:12 INFO   [S2] 0xdfb8190618c22778a2884079c9e10446cc6b23ea
03:39:13 INFO   [S3] DISCARD 0xdfb8190618c22778a2884079c9e10446cc6b23ea → BOT:interval
03:39:13 INFO   [S2] 0x54096e86cac2d70d04fd98ee16f633c7e9d479db
03:39:13 INFO   [S3] DISCARD 0x4d4163d8245f47855c0089fc288b1d094b0497cc → BOT
03:39:13 INFO   [S2] 0x82a7183f93447d7a8ff5b4bd08eb0d74de266ed8
03:39:13 INFO   [S3] DISCARD 0x82a7183f93447d7a8ff5b4bd08eb0d74de266ed8 → BOT:interval
03:39:13 INFO   [S2] 0x79929dfb11820a017fb7a51faf536a55bdbd48bf
03:39:13 INFO   [S3] DISCARD 0x79929dfb11820a017fb7a51faf536a55bdbd48bf → BOT
03:39:13 INFO   [S2] 0xc660ae71765d0d9eaf5fa8328c1c959841d2bd28
03:39:14 INFO   [S3] DISCARD 0x631c2b93ff03c21d29b2b73af4ff965e88ea450f → BOT
03:39:14 INFO   [S2] 0xe734d5a008576905ec700019e530a7cc8da88f6a
03:39:14 INFO   [S3] DISCARD 0x53e55bc7cb3d67ad177c023ce891ad076a9d6177 → BOT
03:39:14 INFO   [S2] 0x06c0d07d5b59b25316bf1e6007aca6ad8f20bc23
03:39:15 INFO   [S3] DISCARD 0x1602856ef17c9b838b2f2b941b9c628cd5eecbf7 → BOT
03:39:15 INFO   [S2] 0x1354e9d95f76b02d8e6e606bc52e35f88f7cad04
03:39:15 INFO   [S3] DISCARD 0x1354e9d95f76b02d8e6e606bc52e35f88f7cad04 → BOT:interval
03:39:15 INFO   [S2] 0xb3cfe7615d64db8dfa743a1b1a2b976911460ebd
03:39:15 INFO   [S3] DISCARD 0xe734d5a008576905ec700019e530a7cc8da88f6a → BOT
03:39:15 INFO   [S3] DISCARD 0x479e330b07822ee28e20bac5e504f1b7c6b591c3 → BOT
03:39:16 INFO   [S3] DISCARD 0x54096e86cac2d70d04fd98ee16f633c7e9d479db → BOT
03:39:16 INFO   [S3] DISCARD 0xc660ae71765d0d9eaf5fa8328c1c959841d2bd28 → BOT
03:39:17 INFO   [S3] DISCARD 0x06c0d07d5b59b25316bf1e6007aca6ad8f20bc23 → BOT
03:39:18 INFO   [S3] DISCARD 0xb3cfe7615d64db8dfa743a1b1a2b976911460ebd → BOT
03:39:43 INFO [S1] $17,511  0xed661702cb96e5ec2302c58f2b3b745c578a2a9f  Yes  mkt:0xd07ad157463306284e16
03:39:43 INFO [S1] $41,051  0x161eb16874e34f545991e774b4e1ac5b65f86ef0  Cavaliers  mkt:0x2f10f76dd83741d6f1b5
03:39:43 INFO [S1] $16,527  0xb1e2c6092cf6678b664a0a4929ca8d58e84474f5  Yes  mkt:0xd07ad157463306284e16
03:39:43 INFO [S1] $50,000  0x8e433d051bfb5cc6a1f7e5a0452029b7ffb4a3cd  Suns  mkt:0xbd4c47f29092f81f7772
03:39:43 INFO   [S2] 0xed661702cb96e5ec2302c58f2b3b745c578a2a9f
03:39:43 INFO   [S2] 0x161eb16874e34f545991e774b4e1ac5b65f86ef0
03:39:43 INFO   [S2] 0xb1e2c6092cf6678b664a0a4929ca8d58e84474f5
03:39:43 INFO   [S2] 0x8e433d051bfb5cc6a1f7e5a0452029b7ffb4a3cd
03:39:43 INFO   [S3] DISCARD 0xb1e2c6092cf6678b664a0a4929ca8d58e84474f5 → BOT:interval
03:39:43 INFO   [S3] DISCARD 0xed661702cb96e5ec2302c58f2b3b745c578a2a9f → BOT:interval
03:39:45 INFO   [S3] DISCARD 0x8e433d051bfb5cc6a1f7e5a0452029b7ffb4a3cd → BOT
03:39:46 INFO   [S3] DISCARD 0x161eb16874e34f545991e774b4e1ac5b65f86ef0 → BOT
